0 verbose cli /data/data/com.termux/files/usr/bin/node /data/data/com.termux/files/usr/bin/npm
1 info using npm@11.3.0
2 info using node@v24.2.0
3 silly config load:file:/data/data/com.termux/files/usr/lib/node_modules/npm/npmrc
4 silly config load:file:/data/data/com.termux/files/home/.npmrc
5 silly config load:file:/data/data/com.termux/files/usr/etc/npmrc
6 verbose title npm init
7 verbose argv "init" "--yes"
8 verbose logfile logs-max:10 dir:/data/data/com.termux/files/home/.npm/_logs/2025-07-07T11_36_24_032Z-
9 verbose logfile /data/data/com.termux/files/home/.npm/_logs/2025-07-07T11_36_24_032Z-debug-0.log
10 silly logfile done cleaning log files
11 silly package data {
11 silly package data   name: 'home',
11 silly package data   version: '1.0.0',
11 silly package data   description: '',
11 silly package data   main: 'server.js',
11 silly package data   scripts: {
11 silly package data     test: 'echo "Error: no test specified" && exit 1',
11 silly package data     start: 'node server.js'
11 silly package data   },
11 silly package data   keywords: [],
11 silly package data   author: '',
11 silly package data   license: 'ISC',
11 silly package data   type: 'commonjs'
11 silly package data }
12 verbose cwd /data/data/com.termux/files/home
13 verbose os Linux 5.4.254-android12-9-660873-gb555c87043d9-ab603
14 verbose node v24.2.0
15 verbose npm  v11.3.0
16 verbose exit 0
17 info ok
