0 verbose cli /data/data/com.termux/files/usr/bin/node /data/data/com.termux/files/usr/bin/npm
1 info using npm@11.3.0
2 info using node@v24.2.0
3 silly config load:file:/data/data/com.termux/files/usr/lib/node_modules/npm/npmrc
4 silly config load:file:/data/data/com.termux/files/home/.npmrc
5 silly config load:file:/data/data/com.termux/files/usr/etc/npmrc
6 verbose title npm install express
7 verbose argv "install" "express"
8 verbose logfile logs-max:10 dir:/data/data/com.termux/files/home/.npm/_logs/2025-07-07T11_36_26_860Z-
9 verbose logfile /data/data/com.termux/files/home/.npm/_logs/2025-07-07T11_36_26_860Z-debug-0.log
10 silly logfile done cleaning log files
11 silly packumentCache heap:1089470464 maxSize:272367616 maxEntrySize:136183808
12 silly idealTree buildDeps
13 silly fetch manifest express@*
14 silly packumentCache full:https://registry.npmjs.org/express cache-miss
15 http fetch GET 200 https://registry.npmjs.org/express 898ms (cache miss)
16 silly packumentCache full:https://registry.npmjs.org/express set size:undefined disposed:false
17 silly placeDep ROOT express@5.1.0 OK for: home@1.0.0 want: *
18 silly fetch manifest qs@^6.14.0
19 silly packumentCache full:https://registry.npmjs.org/qs cache-miss
20 silly fetch manifest etag@^1.8.1
21 silly packumentCache full:https://registry.npmjs.org/etag cache-miss
22 silly fetch manifest once@^1.4.0
23 silly packumentCache full:https://registry.npmjs.org/once cache-miss
24 silly fetch manifest send@^1.1.0
25 silly packumentCache full:https://registry.npmjs.org/send cache-miss
26 silly fetch manifest vary@^1.1.2
27 silly packumentCache full:https://registry.npmjs.org/vary cache-miss
28 silly fetch manifest debug@^4.4.0
29 silly packumentCache full:https://registry.npmjs.org/debug cache-miss
30 silly fetch manifest fresh@^2.0.0
31 silly packumentCache full:https://registry.npmjs.org/fresh cache-miss
32 http fetch GET 200 https://registry.npmjs.org/once 408ms (cache miss)
33 silly packumentCache full:https://registry.npmjs.org/once set size:undefined disposed:false
34 silly fetch manifest cookie@^0.7.1
35 silly packumentCache full:https://registry.npmjs.org/cookie cache-miss
36 http fetch GET 200 https://registry.npmjs.org/vary 410ms (cache miss)
37 silly packumentCache full:https://registry.npmjs.org/vary set size:undefined disposed:false
38 silly fetch manifest router@^2.2.0
39 silly packumentCache full:https://registry.npmjs.org/router cache-miss
40 http fetch GET 200 https://registry.npmjs.org/fresh 415ms (cache miss)
41 silly packumentCache full:https://registry.npmjs.org/fresh set size:undefined disposed:false
42 silly fetch manifest accepts@^2.0.0
43 silly packumentCache full:https://registry.npmjs.org/accepts cache-miss
44 http fetch GET 200 https://registry.npmjs.org/etag 434ms (cache miss)
45 silly packumentCache full:https://registry.npmjs.org/etag set size:undefined disposed:false
46 silly fetch manifest type-is@^2.0.1
47 silly packumentCache full:https://registry.npmjs.org/type-is cache-miss
48 http fetch GET 200 https://registry.npmjs.org/qs 458ms (cache miss)
49 silly packumentCache full:https://registry.npmjs.org/qs set size:undefined disposed:false
50 silly fetch manifest parseurl@^1.3.3
51 silly packumentCache full:https://registry.npmjs.org/parseurl cache-miss
52 http fetch GET 200 https://registry.npmjs.org/send 808ms (cache miss)
53 silly packumentCache full:https://registry.npmjs.org/send set size:undefined disposed:false
54 silly fetch manifest statuses@^2.0.1
55 silly packumentCache full:https://registry.npmjs.org/statuses cache-miss
56 http fetch GET 200 https://registry.npmjs.org/debug 841ms (cache miss)
57 silly packumentCache full:https://registry.npmjs.org/debug set size:undefined disposed:false
58 silly fetch manifest encodeurl@^2.0.0
59 silly packumentCache full:https://registry.npmjs.org/encodeurl cache-miss
60 http fetch GET 200 https://registry.npmjs.org/parseurl 401ms (cache miss)
61 silly packumentCache full:https://registry.npmjs.org/parseurl set size:undefined disposed:false
62 silly fetch manifest mime-types@^3.0.0
63 silly packumentCache full:https://registry.npmjs.org/mime-types cache-miss
64 http fetch GET 200 https://registry.npmjs.org/accepts 451ms (cache miss)
65 silly packumentCache full:https://registry.npmjs.org/accepts set size:undefined disposed:false
66 silly fetch manifest proxy-addr@^2.0.7
67 silly packumentCache full:https://registry.npmjs.org/proxy-addr cache-miss
68 http fetch GET 200 https://registry.npmjs.org/statuses 101ms (cache miss)
69 silly packumentCache full:https://registry.npmjs.org/statuses set size:undefined disposed:false
70 silly fetch manifest body-parser@^2.2.0
71 silly packumentCache full:https://registry.npmjs.org/body-parser cache-miss
72 http fetch GET 200 https://registry.npmjs.org/encodeurl 107ms (cache miss)
73 silly packumentCache full:https://registry.npmjs.org/encodeurl set size:undefined disposed:false
74 silly fetch manifest escape-html@^1.0.3
75 silly packumentCache full:https://registry.npmjs.org/escape-html cache-miss
76 http fetch GET 200 https://registry.npmjs.org/mime-types 108ms (cache miss)
77 silly packumentCache full:https://registry.npmjs.org/mime-types set size:undefined disposed:false
78 silly fetch manifest http-errors@^2.0.0
79 silly packumentCache full:https://registry.npmjs.org/http-errors cache-miss
80 http fetch GET 200 https://registry.npmjs.org/cookie 622ms (cache miss)
81 silly packumentCache full:https://registry.npmjs.org/cookie set size:undefined disposed:false
82 silly fetch manifest on-finished@^2.4.1
83 silly packumentCache full:https://registry.npmjs.org/on-finished cache-miss
84 http fetch GET 200 https://registry.npmjs.org/type-is 609ms (cache miss)
85 silly packumentCache full:https://registry.npmjs.org/type-is set size:undefined disposed:false
86 silly fetch manifest content-type@^1.0.5
87 silly packumentCache full:https://registry.npmjs.org/content-type cache-miss
88 http fetch GET 200 https://registry.npmjs.org/router 644ms (cache miss)
89 silly packumentCache full:https://registry.npmjs.org/router set size:undefined disposed:false
90 silly fetch manifest finalhandler@^2.1.0
91 silly packumentCache full:https://registry.npmjs.org/finalhandler cache-miss
92 http fetch GET 200 https://registry.npmjs.org/escape-html 131ms (cache miss)
93 silly packumentCache full:https://registry.npmjs.org/escape-html set size:undefined disposed:false
94 silly fetch manifest range-parser@^1.2.1
95 silly packumentCache full:https://registry.npmjs.org/range-parser cache-miss
96 http fetch GET 200 https://registry.npmjs.org/http-errors 129ms (cache miss)
97 silly packumentCache full:https://registry.npmjs.org/http-errors set size:undefined disposed:false
98 silly fetch manifest serve-static@^2.2.0
99 silly packumentCache full:https://registry.npmjs.org/serve-static cache-miss
100 http fetch GET 200 https://registry.npmjs.org/on-finished 127ms (cache miss)
101 silly packumentCache full:https://registry.npmjs.org/on-finished set size:undefined disposed:false
102 silly fetch manifest cookie-signature@^1.2.1
103 silly packumentCache full:https://registry.npmjs.org/cookie-signature cache-miss
104 http fetch GET 200 https://registry.npmjs.org/finalhandler 109ms (cache miss)
105 silly packumentCache full:https://registry.npmjs.org/finalhandler set size:undefined disposed:false
106 silly fetch manifest merge-descriptors@^2.0.0
107 silly packumentCache full:https://registry.npmjs.org/merge-descriptors cache-miss
108 http fetch GET 200 https://registry.npmjs.org/range-parser 114ms (cache miss)
109 silly packumentCache full:https://registry.npmjs.org/range-parser set size:undefined disposed:false
110 silly fetch manifest content-disposition@^1.0.0
111 silly packumentCache full:https://registry.npmjs.org/content-disposition cache-miss
112 http fetch GET 200 https://registry.npmjs.org/proxy-addr 347ms (cache miss)
113 silly packumentCache full:https://registry.npmjs.org/proxy-addr set size:undefined disposed:false
114 http fetch GET 200 https://registry.npmjs.org/body-parser 317ms (cache miss)
115 silly packumentCache full:https://registry.npmjs.org/body-parser set size:undefined disposed:false
116 http fetch GET 200 https://registry.npmjs.org/serve-static 136ms (cache miss)
117 silly packumentCache full:https://registry.npmjs.org/serve-static set size:undefined disposed:false
118 http fetch GET 200 https://registry.npmjs.org/cookie-signature 306ms (cache miss)
119 silly packumentCache full:https://registry.npmjs.org/cookie-signature set size:undefined disposed:false
120 http fetch GET 200 https://registry.npmjs.org/merge-descriptors 315ms (cache miss)
121 silly packumentCache full:https://registry.npmjs.org/merge-descriptors set size:undefined disposed:false
122 http fetch GET 200 https://registry.npmjs.org/content-disposition 330ms (cache miss)
123 silly packumentCache full:https://registry.npmjs.org/content-disposition set size:undefined disposed:false
124 http fetch GET 200 https://registry.npmjs.org/content-type 721ms (cache miss)
125 silly packumentCache full:https://registry.npmjs.org/content-type set size:undefined disposed:false
126 silly placeDep ROOT accepts@2.0.0 OK for: express@5.1.0 want: ^2.0.0
127 silly placeDep ROOT body-parser@2.2.0 OK for: express@5.1.0 want: ^2.2.0
128 silly placeDep ROOT content-disposition@1.0.0 OK for: express@5.1.0 want: ^1.0.0
129 silly placeDep ROOT content-type@1.0.5 OK for: express@5.1.0 want: ^1.0.5
130 silly placeDep ROOT cookie@0.7.2 OK for: express@5.1.0 want: ^0.7.1
131 silly placeDep ROOT cookie-signature@1.2.2 OK for: express@5.1.0 want: ^1.2.1
132 silly placeDep ROOT debug@4.4.1 OK for: express@5.1.0 want: ^4.4.0
133 silly placeDep ROOT encodeurl@2.0.0 OK for: express@5.1.0 want: ^2.0.0
134 silly placeDep ROOT escape-html@1.0.3 OK for: express@5.1.0 want: ^1.0.3
135 silly placeDep ROOT etag@1.8.1 OK for: express@5.1.0 want: ^1.8.1
136 silly placeDep ROOT finalhandler@2.1.0 OK for: express@5.1.0 want: ^2.1.0
137 silly placeDep ROOT fresh@2.0.0 OK for: express@5.1.0 want: ^2.0.0
138 silly placeDep ROOT http-errors@2.0.0 OK for: express@5.1.0 want: ^2.0.0
139 silly placeDep ROOT merge-descriptors@2.0.0 OK for: express@5.1.0 want: ^2.0.0
140 silly placeDep ROOT mime-types@3.0.1 OK for: express@5.1.0 want: ^3.0.0
141 silly placeDep ROOT on-finished@2.4.1 OK for: express@5.1.0 want: ^2.4.1
142 silly placeDep ROOT once@1.4.0 OK for: express@5.1.0 want: ^1.4.0
143 silly placeDep ROOT parseurl@1.3.3 OK for: express@5.1.0 want: ^1.3.3
144 silly placeDep ROOT proxy-addr@2.0.7 OK for: express@5.1.0 want: ^2.0.7
145 silly placeDep ROOT qs@6.14.0 OK for: express@5.1.0 want: ^6.14.0
146 silly placeDep ROOT range-parser@1.2.1 OK for: express@5.1.0 want: ^1.2.1
147 silly placeDep ROOT router@2.2.0 OK for: express@5.1.0 want: ^2.2.0
148 silly placeDep ROOT send@1.2.0 OK for: express@5.1.0 want: ^1.1.0
149 silly placeDep ROOT serve-static@2.2.0 OK for: express@5.1.0 want: ^2.2.0
150 silly placeDep ROOT statuses@2.0.2 OK for: express@5.1.0 want: ^2.0.1
151 silly placeDep ROOT type-is@2.0.1 OK for: express@5.1.0 want: ^2.0.1
152 silly placeDep ROOT vary@1.1.2 OK for: express@5.1.0 want: ^1.1.2
153 silly fetch manifest negotiator@^1.0.0
154 silly packumentCache full:https://registry.npmjs.org/negotiator cache-miss
155 silly fetch manifest bytes@^3.1.2
156 silly packumentCache full:https://registry.npmjs.org/bytes cache-miss
157 silly fetch manifest iconv-lite@^0.6.3
158 silly packumentCache full:https://registry.npmjs.org/iconv-lite cache-miss
159 silly fetch manifest raw-body@^3.0.0
160 silly packumentCache full:https://registry.npmjs.org/raw-body cache-miss
161 silly fetch manifest type-is@^2.0.0
162 silly packumentCache full:https://registry.npmjs.org/type-is cache-miss
163 silly fetch manifest safe-buffer@5.2.1
164 silly packumentCache full:https://registry.npmjs.org/safe-buffer cache-miss
165 silly fetch manifest ms@^2.1.3
166 silly packumentCache full:https://registry.npmjs.org/ms cache-miss
167 http cache https://registry.npmjs.org/type-is 64ms (cache hit)
168 silly packumentCache full:https://registry.npmjs.org/type-is set size:86196 disposed:false
169 silly fetch manifest depd@2.0.0
170 silly packumentCache full:https://registry.npmjs.org/depd cache-miss
171 http fetch GET 200 https://registry.npmjs.org/negotiator 161ms (cache miss)
172 silly packumentCache full:https://registry.npmjs.org/negotiator set size:undefined disposed:false
173 silly fetch manifest inherits@2.0.4
174 silly packumentCache full:https://registry.npmjs.org/inherits cache-miss
175 http fetch GET 200 https://registry.npmjs.org/bytes 172ms (cache miss)
176 silly packumentCache full:https://registry.npmjs.org/bytes set size:undefined disposed:false
177 silly fetch manifest statuses@2.0.1
178 silly packumentCache full:https://registry.npmjs.org/statuses cache-miss
179 http fetch GET 200 https://registry.npmjs.org/safe-buffer 173ms (cache revalidated)
180 silly packumentCache full:https://registry.npmjs.org/safe-buffer set size:41183 disposed:false
181 silly fetch manifest toidentifier@1.0.1
182 silly packumentCache full:https://registry.npmjs.org/toidentifier cache-miss
183 http fetch GET 200 https://registry.npmjs.org/ms 181ms (cache miss)
184 silly packumentCache full:https://registry.npmjs.org/ms set size:undefined disposed:false
185 silly fetch manifest setprototypeof@1.2.0
186 silly packumentCache full:https://registry.npmjs.org/setprototypeof cache-miss
187 http fetch GET 200 https://registry.npmjs.org/raw-body 197ms (cache miss)
188 silly packumentCache full:https://registry.npmjs.org/raw-body set size:undefined disposed:false
189 silly fetch manifest mime-db@^1.54.0
190 silly packumentCache full:https://registry.npmjs.org/mime-db cache-miss
191 http cache https://registry.npmjs.org/statuses 48ms (cache hit)
192 silly packumentCache full:https://registry.npmjs.org/statuses set size:37117 disposed:false
193 silly fetch manifest ee-first@1.1.1
194 silly packumentCache full:https://registry.npmjs.org/ee-first cache-miss
195 http fetch GET 200 https://registry.npmjs.org/depd 183ms (cache miss)
196 silly packumentCache full:https://registry.npmjs.org/depd set size:undefined disposed:false
197 silly fetch manifest wrappy@1
198 silly packumentCache full:https://registry.npmjs.org/wrappy cache-miss
199 http fetch GET 200 https://registry.npmjs.org/inherits 120ms (cache miss)
200 silly packumentCache full:https://registry.npmjs.org/inherits set size:undefined disposed:false
201 silly fetch manifest forwarded@0.2.0
202 silly packumentCache full:https://registry.npmjs.org/forwarded cache-miss
203 http fetch GET 200 https://registry.npmjs.org/toidentifier 111ms (cache miss)
204 silly packumentCache full:https://registry.npmjs.org/toidentifier set size:undefined disposed:false
205 silly fetch manifest ipaddr.js@1.9.1
206 silly packumentCache full:https://registry.npmjs.org/ipaddr.js cache-miss
207 http fetch GET 200 https://registry.npmjs.org/setprototypeof 121ms (cache miss)
208 silly packumentCache full:https://registry.npmjs.org/setprototypeof set size:undefined disposed:false
209 silly fetch manifest side-channel@^1.1.0
210 silly packumentCache full:https://registry.npmjs.org/side-channel cache-miss
211 http fetch GET 200 https://registry.npmjs.org/ee-first 144ms (cache miss)
212 silly packumentCache full:https://registry.npmjs.org/ee-first set size:undefined disposed:false
213 silly fetch manifest depd@^2.0.0
214 silly packumentCache full:https://registry.npmjs.org/depd cache-miss
215 http fetch GET 200 https://registry.npmjs.org/wrappy 115ms (cache miss)
216 silly packumentCache full:https://registry.npmjs.org/wrappy set size:undefined disposed:false
217 silly fetch manifest is-promise@^4.0.0
218 silly packumentCache full:https://registry.npmjs.org/is-promise cache-miss
219 http fetch GET 200 https://registry.npmjs.org/iconv-lite 386ms (cache miss)
220 silly packumentCache full:https://registry.npmjs.org/iconv-lite set size:undefined disposed:false
221 silly fetch manifest path-to-regexp@^8.0.0
222 silly packumentCache full:https://registry.npmjs.org/path-to-regexp cache-miss
223 http fetch GET 200 https://registry.npmjs.org/mime-db 207ms (cache miss)
224 silly packumentCache full:https://registry.npmjs.org/mime-db set size:undefined disposed:false
225 silly fetch manifest media-typer@^1.1.0
226 silly packumentCache full:https://registry.npmjs.org/media-typer cache-miss
227 http cache https://registry.npmjs.org/depd 67ms (cache hit)
228 silly packumentCache full:https://registry.npmjs.org/depd set size:40182 disposed:false
229 http fetch GET 200 https://registry.npmjs.org/forwarded 164ms (cache miss)
230 silly packumentCache full:https://registry.npmjs.org/forwarded set size:undefined disposed:false
231 http fetch GET 200 https://registry.npmjs.org/side-channel 131ms (cache miss)
232 silly packumentCache full:https://registry.npmjs.org/side-channel set size:undefined disposed:false
233 http fetch GET 200 https://registry.npmjs.org/ipaddr.js 160ms (cache miss)
234 silly packumentCache full:https://registry.npmjs.org/ipaddr.js set size:undefined disposed:false
235 http fetch GET 200 https://registry.npmjs.org/is-promise 118ms (cache miss)
236 silly packumentCache full:https://registry.npmjs.org/is-promise set size:undefined disposed:false
237 http fetch GET 200 https://registry.npmjs.org/path-to-regexp 323ms (cache miss)
238 silly packumentCache full:https://registry.npmjs.org/path-to-regexp set size:undefined disposed:false
239 http fetch GET 200 https://registry.npmjs.org/media-typer 333ms (cache miss)
240 silly packumentCache full:https://registry.npmjs.org/media-typer set size:undefined disposed:false
241 silly placeDep ROOT negotiator@1.0.0 OK for: accepts@2.0.0 want: ^1.0.0
242 silly placeDep ROOT bytes@3.1.2 OK for: body-parser@2.2.0 want: ^3.1.2
243 silly placeDep ROOT iconv-lite@0.6.3 OK for: body-parser@2.2.0 want: ^0.6.3
244 silly placeDep ROOT raw-body@3.0.0 OK for: body-parser@2.2.0 want: ^3.0.0
245 silly fetch manifest safer-buffer@>= 2.1.2 < 3.0.0
246 silly packumentCache full:https://registry.npmjs.org/safer-buffer cache-miss
247 silly fetch manifest unpipe@1.0.0
248 silly packumentCache full:https://registry.npmjs.org/unpipe cache-miss
249 http fetch GET 200 https://registry.npmjs.org/unpipe 104ms (cache miss)
250 silly packumentCache full:https://registry.npmjs.org/unpipe set size:undefined disposed:false
251 http fetch GET 200 https://registry.npmjs.org/safer-buffer 300ms (cache miss)
252 silly packumentCache full:https://registry.npmjs.org/safer-buffer set size:undefined disposed:false
253 silly placeDep ROOT safe-buffer@5.2.1 OK for: content-disposition@1.0.0 want: 5.2.1
254 silly placeDep ROOT ms@2.1.3 OK for: debug@4.4.1 want: ^2.1.3
255 silly placeDep ROOT depd@2.0.0 OK for: http-errors@2.0.0 want: 2.0.0
256 silly placeDep ROOT inherits@2.0.4 OK for: http-errors@2.0.0 want: 2.0.4
257 silly placeDep ROOT setprototypeof@1.2.0 OK for: http-errors@2.0.0 want: 1.2.0
258 silly placeDep node_modules/http-errors statuses@2.0.1 OK for: http-errors@2.0.0 want: 2.0.1
259 silly placeDep ROOT toidentifier@1.0.1 OK for: http-errors@2.0.0 want: 1.0.1
260 silly placeDep ROOT safer-buffer@2.1.2 OK for: iconv-lite@0.6.3 want: >= 2.1.2 < 3.0.0
261 silly placeDep ROOT mime-db@1.54.0 OK for: mime-types@3.0.1 want: ^1.54.0
262 silly placeDep ROOT ee-first@1.1.1 OK for: on-finished@2.4.1 want: 1.1.1
263 silly placeDep ROOT wrappy@1.0.2 OK for: once@1.4.0 want: 1
264 silly placeDep ROOT forwarded@0.2.0 OK for: proxy-addr@2.0.7 want: 0.2.0
265 silly placeDep ROOT ipaddr.js@1.9.1 OK for: proxy-addr@2.0.7 want: 1.9.1
266 silly placeDep ROOT side-channel@1.1.0 OK for: qs@6.14.0 want: ^1.1.0
267 silly fetch manifest es-errors@^1.3.0
268 silly packumentCache full:https://registry.npmjs.org/es-errors cache-miss
269 silly fetch manifest object-inspect@^1.13.3
270 silly packumentCache full:https://registry.npmjs.org/object-inspect cache-miss
271 silly fetch manifest side-channel-list@^1.0.0
272 silly packumentCache full:https://registry.npmjs.org/side-channel-list cache-miss
273 silly fetch manifest side-channel-map@^1.0.1
274 silly packumentCache full:https://registry.npmjs.org/side-channel-map cache-miss
275 silly fetch manifest side-channel-weakmap@^1.0.2
276 silly packumentCache full:https://registry.npmjs.org/side-channel-weakmap cache-miss
277 http fetch GET 200 https://registry.npmjs.org/side-channel-map 160ms (cache miss)
278 silly packumentCache full:https://registry.npmjs.org/side-channel-map set size:undefined disposed:false
279 http fetch GET 200 https://registry.npmjs.org/side-channel-list 164ms (cache miss)
280 silly packumentCache full:https://registry.npmjs.org/side-channel-list set size:undefined disposed:false
281 http fetch GET 200 https://registry.npmjs.org/side-channel-weakmap 165ms (cache miss)
282 silly packumentCache full:https://registry.npmjs.org/side-channel-weakmap set size:undefined disposed:false
283 http fetch GET 200 https://registry.npmjs.org/es-errors 172ms (cache miss)
284 silly packumentCache full:https://registry.npmjs.org/es-errors set size:undefined disposed:false
285 http fetch GET 200 https://registry.npmjs.org/object-inspect 178ms (cache miss)
286 silly packumentCache full:https://registry.npmjs.org/object-inspect set size:undefined disposed:false
287 silly placeDep ROOT unpipe@1.0.0 OK for: raw-body@3.0.0 want: 1.0.0
288 silly placeDep ROOT is-promise@4.0.0 OK for: router@2.2.0 want: ^4.0.0
289 silly placeDep ROOT path-to-regexp@8.2.0 OK for: router@2.2.0 want: ^8.0.0
290 silly placeDep ROOT es-errors@1.3.0 OK for: side-channel@1.1.0 want: ^1.3.0
291 silly placeDep ROOT object-inspect@1.13.4 OK for: side-channel@1.1.0 want: ^1.13.3
292 silly placeDep ROOT side-channel-list@1.0.0 OK for: side-channel@1.1.0 want: ^1.0.0
293 silly placeDep ROOT side-channel-map@1.0.1 OK for: side-channel@1.1.0 want: ^1.0.1
294 silly placeDep ROOT side-channel-weakmap@1.0.2 OK for: side-channel@1.1.0 want: ^1.0.2
295 silly fetch manifest call-bound@^1.0.2
296 silly packumentCache full:https://registry.npmjs.org/call-bound cache-miss
297 silly fetch manifest get-intrinsic@^1.2.5
298 silly packumentCache full:https://registry.npmjs.org/get-intrinsic cache-miss
299 silly fetch manifest call-bound@^1.0.2
300 silly packumentCache full:https://registry.npmjs.org/call-bound cache-miss
301 silly fetch manifest get-intrinsic@^1.2.5
302 silly packumentCache full:https://registry.npmjs.org/get-intrinsic cache-miss
303 http fetch GET 200 https://registry.npmjs.org/call-bound 112ms (cache miss)
304 silly packumentCache full:https://registry.npmjs.org/call-bound set size:undefined disposed:false
305 http fetch GET 200 https://registry.npmjs.org/get-intrinsic 116ms (cache miss)
306 silly packumentCache full:https://registry.npmjs.org/get-intrinsic set size:undefined disposed:false
307 http fetch GET 200 https://registry.npmjs.org/call-bound 124ms (cache miss)
308 silly packumentCache full:https://registry.npmjs.org/call-bound set size:undefined disposed:false
309 http fetch GET 200 https://registry.npmjs.org/get-intrinsic 148ms (cache miss)
310 silly packumentCache full:https://registry.npmjs.org/get-intrinsic set size:undefined disposed:false
311 silly placeDep ROOT call-bound@1.0.4 OK for: side-channel-map@1.0.1 want: ^1.0.2
312 silly placeDep ROOT get-intrinsic@1.3.0 OK for: side-channel-map@1.0.1 want: ^1.2.5
313 silly fetch manifest call-bind-apply-helpers@^1.0.2
314 silly packumentCache full:https://registry.npmjs.org/call-bind-apply-helpers cache-miss
315 silly fetch manifest get-intrinsic@^1.3.0
316 silly packumentCache full:https://registry.npmjs.org/get-intrinsic cache-miss
317 silly fetch manifest call-bind-apply-helpers@^1.0.2
318 silly packumentCache full:https://registry.npmjs.org/call-bind-apply-helpers cache-miss
319 silly fetch manifest es-define-property@^1.0.1
320 silly packumentCache full:https://registry.npmjs.org/es-define-property cache-miss
321 silly fetch manifest es-object-atoms@^1.1.1
322 silly packumentCache full:https://registry.npmjs.org/es-object-atoms cache-miss
323 silly fetch manifest function-bind@^1.1.2
324 silly packumentCache full:https://registry.npmjs.org/function-bind cache-miss
325 silly fetch manifest get-proto@^1.0.1
326 silly packumentCache full:https://registry.npmjs.org/get-proto cache-miss
327 http cache https://registry.npmjs.org/get-intrinsic 36ms (cache hit)
328 silly packumentCache full:https://registry.npmjs.org/get-intrinsic set size:57687 disposed:false
329 silly fetch manifest gopd@^1.2.0
330 silly packumentCache full:https://registry.npmjs.org/gopd cache-miss
331 http fetch GET 200 https://registry.npmjs.org/function-bind 513ms (cache revalidated)
332 silly packumentCache full:https://registry.npmjs.org/function-bind set size:15733 disposed:false
333 silly fetch manifest has-symbols@^1.1.0
334 silly packumentCache full:https://registry.npmjs.org/has-symbols cache-miss
335 http fetch GET 200 https://registry.npmjs.org/es-object-atoms 539ms (cache miss)
336 silly packumentCache full:https://registry.npmjs.org/es-object-atoms set size:undefined disposed:false
337 silly fetch manifest hasown@^2.0.2
338 silly packumentCache full:https://registry.npmjs.org/hasown cache-miss
339 http fetch GET 200 https://registry.npmjs.org/get-proto 548ms (cache miss)
340 silly packumentCache full:https://registry.npmjs.org/get-proto set size:undefined disposed:false
341 silly fetch manifest math-intrinsics@^1.1.0
342 silly packumentCache full:https://registry.npmjs.org/math-intrinsics cache-miss
343 http fetch GET 200 https://registry.npmjs.org/call-bind-apply-helpers 565ms (cache miss)
344 silly packumentCache full:https://registry.npmjs.org/call-bind-apply-helpers set size:undefined disposed:false
345 http fetch GET 200 https://registry.npmjs.org/gopd 532ms (cache miss)
346 silly packumentCache full:https://registry.npmjs.org/gopd set size:undefined disposed:false
347 http fetch GET 200 https://registry.npmjs.org/es-define-property 575ms (cache miss)
348 silly packumentCache full:https://registry.npmjs.org/es-define-property set size:undefined disposed:false
349 http fetch GET 200 https://registry.npmjs.org/call-bind-apply-helpers 579ms (cache miss)
350 silly packumentCache full:https://registry.npmjs.org/call-bind-apply-helpers set size:undefined disposed:false
351 http fetch GET 200 https://registry.npmjs.org/has-symbols 106ms (cache miss)
352 silly packumentCache full:https://registry.npmjs.org/has-symbols set size:undefined disposed:false
353 http fetch GET 200 https://registry.npmjs.org/math-intrinsics 108ms (cache miss)
354 silly packumentCache full:https://registry.npmjs.org/math-intrinsics set size:undefined disposed:false
355 http fetch GET 200 https://registry.npmjs.org/hasown 132ms (cache revalidated)
356 silly packumentCache full:https://registry.npmjs.org/hasown set size:12476 disposed:false
357 silly placeDep ROOT call-bind-apply-helpers@1.0.2 OK for: call-bound@1.0.4 want: ^1.0.2
358 silly placeDep ROOT function-bind@1.1.2 OK for: call-bind-apply-helpers@1.0.2 want: ^1.1.2
359 silly placeDep ROOT es-define-property@1.0.1 OK for: get-intrinsic@1.3.0 want: ^1.0.1
360 silly placeDep ROOT es-object-atoms@1.1.1 OK for: get-intrinsic@1.3.0 want: ^1.1.1
361 silly placeDep ROOT get-proto@1.0.1 OK for: get-intrinsic@1.3.0 want: ^1.0.1
362 silly placeDep ROOT gopd@1.2.0 OK for: get-intrinsic@1.3.0 want: ^1.2.0
363 silly placeDep ROOT has-symbols@1.1.0 OK for: get-intrinsic@1.3.0 want: ^1.1.0
364 silly placeDep ROOT hasown@2.0.2 OK for: get-intrinsic@1.3.0 want: ^2.0.2
365 silly placeDep ROOT math-intrinsics@1.1.0 OK for: get-intrinsic@1.3.0 want: ^1.1.0
366 silly fetch manifest dunder-proto@^1.0.1
367 silly packumentCache full:https://registry.npmjs.org/dunder-proto cache-miss
368 http fetch GET 200 https://registry.npmjs.org/dunder-proto 125ms (cache miss)
369 silly packumentCache full:https://registry.npmjs.org/dunder-proto set size:undefined disposed:false
370 silly placeDep ROOT dunder-proto@1.0.1 OK for: get-proto@1.0.1 want: ^1.0.1
371 silly placeDep ROOT media-typer@1.1.0 OK for: type-is@2.0.1 want: ^1.1.0
372 silly reify moves {}
373 silly audit bulk request {
373 silly audit   express: [ '5.1.0' ],
373 silly audit   accepts: [ '2.0.0' ],
373 silly audit   'body-parser': [ '2.2.0' ],
373 silly audit   'content-disposition': [ '1.0.0' ],
373 silly audit   'content-type': [ '1.0.5' ],
373 silly audit   cookie: [ '0.7.2' ],
373 silly audit   'cookie-signature': [ '1.2.2' ],
373 silly audit   debug: [ '4.4.1' ],
373 silly audit   encodeurl: [ '2.0.0' ],
373 silly audit   'escape-html': [ '1.0.3' ],
373 silly audit   etag: [ '1.8.1' ],
373 silly audit   finalhandler: [ '2.1.0' ],
373 silly audit   fresh: [ '2.0.0' ],
373 silly audit   'http-errors': [ '2.0.0' ],
373 silly audit   'merge-descriptors': [ '2.0.0' ],
373 silly audit   'mime-types': [ '3.0.1' ],
373 silly audit   'on-finished': [ '2.4.1' ],
373 silly audit   once: [ '1.4.0' ],
373 silly audit   parseurl: [ '1.3.3' ],
373 silly audit   'proxy-addr': [ '2.0.7' ],
373 silly audit   qs: [ '6.14.0' ],
373 silly audit   'range-parser': [ '1.2.1' ],
373 silly audit   router: [ '2.2.0' ],
373 silly audit   send: [ '1.2.0' ],
373 silly audit   'serve-static': [ '2.2.0' ],
373 silly audit   statuses: [ '2.0.2', '2.0.1' ],
373 silly audit   'type-is': [ '2.0.1' ],
373 silly audit   vary: [ '1.1.2' ],
373 silly audit   negotiator: [ '1.0.0' ],
373 silly audit   bytes: [ '3.1.2' ],
373 silly audit   'iconv-lite': [ '0.6.3' ],
373 silly audit   'raw-body': [ '3.0.0' ],
373 silly audit   'safe-buffer': [ '5.2.1' ],
373 silly audit   ms: [ '2.1.3' ],
373 silly audit   depd: [ '2.0.0' ],
373 silly audit   inherits: [ '2.0.4' ],
373 silly audit   setprototypeof: [ '1.2.0' ],
373 silly audit   toidentifier: [ '1.0.1' ],
373 silly audit   'safer-buffer': [ '2.1.2' ],
373 silly audit   'mime-db': [ '1.54.0' ],
373 silly audit   'ee-first': [ '1.1.1' ],
373 silly audit   wrappy: [ '1.0.2' ],
373 silly audit   forwarded: [ '0.2.0' ],
373 silly audit   'ipaddr.js': [ '1.9.1' ],
373 silly audit   'side-channel': [ '1.1.0' ],
373 silly audit   unpipe: [ '1.0.0' ],
373 silly audit   'is-promise': [ '4.0.0' ],
373 silly audit   'path-to-regexp': [ '8.2.0' ],
373 silly audit   'es-errors': [ '1.3.0' ],
373 silly audit   'object-inspect': [ '1.13.4' ],
373 silly audit   'side-channel-list': [ '1.0.0' ],
373 silly audit   'side-channel-map': [ '1.0.1' ],
373 silly audit   'side-channel-weakmap': [ '1.0.2' ],
373 silly audit   'call-bound': [ '1.0.4' ],
373 silly audit   'get-intrinsic': [ '1.3.0' ],
373 silly audit   'call-bind-apply-helpers': [ '1.0.2' ],
373 silly audit   'function-bind': [ '1.1.2' ],
373 silly audit   'es-define-property': [ '1.0.1' ],
373 silly audit   'es-object-atoms': [ '1.1.1' ],
373 silly audit   'get-proto': [ '1.0.1' ],
373 silly audit   gopd: [ '1.2.0' ],
373 silly audit   'has-symbols': [ '1.1.0' ],
373 silly audit   hasown: [ '2.0.2' ],
373 silly audit   'math-intrinsics': [ '1.1.0' ],
373 silly audit   'dunder-proto': [ '1.0.1' ],
373 silly audit   'media-typer': [ '1.1.0' ]
373 silly audit }
374 http cache media-typer@https://registry.npmjs.org/media-typer/-/media-typer-1.1.0.tgz 0ms (cache hit)
375 http cache has-symbols@https://registry.npmjs.org/has-symbols/-/has-symbols-1.1.0.tgz 0ms (cache hit)
376 http cache hasown@https://registry.npmjs.org/hasown/-/hasown-2.0.2.tgz 0ms (cache hit)
377 http cache math-intrinsics@https://registry.npmjs.org/math-intrinsics/-/math-intrinsics-1.1.0.tgz 0ms (cache hit)
378 http cache dunder-proto@https://registry.npmjs.org/dunder-proto/-/dunder-proto-1.0.1.tgz 0ms (cache hit)
379 http cache gopd@https://registry.npmjs.org/gopd/-/gopd-1.2.0.tgz 0ms (cache hit)
380 http cache get-proto@https://registry.npmjs.org/get-proto/-/get-proto-1.0.1.tgz 0ms (cache hit)
381 http cache es-object-atoms@https://registry.npmjs.org/es-object-atoms/-/es-object-atoms-1.1.1.tgz 0ms (cache hit)
382 http cache es-define-property@https://registry.npmjs.org/es-define-property/-/es-define-property-1.0.1.tgz 0ms (cache hit)
383 http cache function-bind@https://registry.npmjs.org/function-bind/-/function-bind-1.1.2.tgz 0ms (cache hit)
384 http cache call-bind-apply-helpers@https://registry.npmjs.org/call-bind-apply-helpers/-/call-bind-apply-helpers-1.0.2.tgz 1ms (cache hit)
385 http cache get-intrinsic@https://registry.npmjs.org/get-intrinsic/-/get-intrinsic-1.3.0.tgz 0ms (cache hit)
386 http cache call-bound@https://registry.npmjs.org/call-bound/-/call-bound-1.0.4.tgz 0ms (cache hit)
387 http cache side-channel-weakmap@https://registry.npmjs.org/side-channel-weakmap/-/side-channel-weakmap-1.0.2.tgz 0ms (cache hit)
388 http cache side-channel-map@https://registry.npmjs.org/side-channel-map/-/side-channel-map-1.0.1.tgz 0ms (cache hit)
389 http cache side-channel-list@https://registry.npmjs.org/side-channel-list/-/side-channel-list-1.0.0.tgz 0ms (cache hit)
390 http cache object-inspect@https://registry.npmjs.org/object-inspect/-/object-inspect-1.13.4.tgz 0ms (cache hit)
391 http cache path-to-regexp@https://registry.npmjs.org/path-to-regexp/-/path-to-regexp-8.2.0.tgz 0ms (cache hit)
392 http cache es-errors@https://registry.npmjs.org/es-errors/-/es-errors-1.3.0.tgz 0ms (cache hit)
393 http cache is-promise@https://registry.npmjs.org/is-promise/-/is-promise-4.0.0.tgz 0ms (cache hit)
394 http cache unpipe@https://registry.npmjs.org/unpipe/-/unpipe-1.0.0.tgz 0ms (cache hit)
395 http cache side-channel@https://registry.npmjs.org/side-channel/-/side-channel-1.1.0.tgz 0ms (cache hit)
396 http cache ipaddr.js@https://registry.npmjs.org/ipaddr.js/-/ipaddr.js-1.9.1.tgz 0ms (cache hit)
397 http cache forwarded@https://registry.npmjs.org/forwarded/-/forwarded-0.2.0.tgz 0ms (cache hit)
398 http cache wrappy@https://registry.npmjs.org/wrappy/-/wrappy-1.0.2.tgz 0ms (cache hit)
399 http cache safer-buffer@https://registry.npmjs.org/safer-buffer/-/safer-buffer-2.1.2.tgz 0ms (cache hit)
400 http cache mime-db@https://registry.npmjs.org/mime-db/-/mime-db-1.54.0.tgz 0ms (cache hit)
401 http cache ee-first@https://registry.npmjs.org/ee-first/-/ee-first-1.1.1.tgz 0ms (cache hit)
402 http cache toidentifier@https://registry.npmjs.org/toidentifier/-/toidentifier-1.0.1.tgz 0ms (cache hit)
403 http cache setprototypeof@https://registry.npmjs.org/setprototypeof/-/setprototypeof-1.2.0.tgz 0ms (cache hit)
404 http cache ms@https://registry.npmjs.org/ms/-/ms-2.1.3.tgz 0ms (cache hit)
405 http cache inherits@https://registry.npmjs.org/inherits/-/inherits-2.0.4.tgz 0ms (cache hit)
406 http cache safe-buffer@https://registry.npmjs.org/safe-buffer/-/safe-buffer-5.2.1.tgz 0ms (cache hit)
407 http cache depd@https://registry.npmjs.org/depd/-/depd-2.0.0.tgz 0ms (cache hit)
408 http cache raw-body@https://registry.npmjs.org/raw-body/-/raw-body-3.0.0.tgz 0ms (cache hit)
409 http cache bytes@https://registry.npmjs.org/bytes/-/bytes-3.1.2.tgz 0ms (cache hit)
410 http cache iconv-lite@https://registry.npmjs.org/iconv-lite/-/iconv-lite-0.6.3.tgz 0ms (cache hit)
411 http cache negotiator@https://registry.npmjs.org/negotiator/-/negotiator-1.0.0.tgz 0ms (cache hit)
412 http cache vary@https://registry.npmjs.org/vary/-/vary-1.1.2.tgz 0ms (cache hit)
413 http cache type-is@https://registry.npmjs.org/type-is/-/type-is-2.0.1.tgz 0ms (cache hit)
414 http cache statuses@https://registry.npmjs.org/statuses/-/statuses-2.0.2.tgz 0ms (cache hit)
415 http cache serve-static@https://registry.npmjs.org/serve-static/-/serve-static-2.2.0.tgz 1ms (cache hit)
416 http cache send@https://registry.npmjs.org/send/-/send-1.2.0.tgz 0ms (cache hit)
417 http cache router@https://registry.npmjs.org/router/-/router-2.2.0.tgz 0ms (cache hit)
418 http cache range-parser@https://registry.npmjs.org/range-parser/-/range-parser-1.2.1.tgz 0ms (cache hit)
419 http cache proxy-addr@https://registry.npmjs.org/proxy-addr/-/proxy-addr-2.0.7.tgz 0ms (cache hit)
420 http cache qs@https://registry.npmjs.org/qs/-/qs-6.14.0.tgz 0ms (cache hit)
421 http cache parseurl@https://registry.npmjs.org/parseurl/-/parseurl-1.3.3.tgz 0ms (cache hit)
422 http cache once@https://registry.npmjs.org/once/-/once-1.4.0.tgz 0ms (cache hit)
423 http cache on-finished@https://registry.npmjs.org/on-finished/-/on-finished-2.4.1.tgz 0ms (cache hit)
424 http cache merge-descriptors@https://registry.npmjs.org/merge-descriptors/-/merge-descriptors-2.0.0.tgz 0ms (cache hit)
425 http cache mime-types@https://registry.npmjs.org/mime-types/-/mime-types-3.0.1.tgz 0ms (cache hit)
426 http cache http-errors@https://registry.npmjs.org/http-errors/-/http-errors-2.0.0.tgz 0ms (cache hit)
427 http cache fresh@https://registry.npmjs.org/fresh/-/fresh-2.0.0.tgz 0ms (cache hit)
428 http cache finalhandler@https://registry.npmjs.org/finalhandler/-/finalhandler-2.1.0.tgz 0ms (cache hit)
429 http cache etag@https://registry.npmjs.org/etag/-/etag-1.8.1.tgz 0ms (cache hit)
430 http cache encodeurl@https://registry.npmjs.org/encodeurl/-/encodeurl-2.0.0.tgz 0ms (cache hit)
431 http cache escape-html@https://registry.npmjs.org/escape-html/-/escape-html-1.0.3.tgz 0ms (cache hit)
432 http cache debug@https://registry.npmjs.org/debug/-/debug-4.4.1.tgz 0ms (cache hit)
433 http cache cookie@https://registry.npmjs.org/cookie/-/cookie-0.7.2.tgz 0ms (cache hit)
434 http cache cookie-signature@https://registry.npmjs.org/cookie-signature/-/cookie-signature-1.2.2.tgz 0ms (cache hit)
435 http cache content-type@https://registry.npmjs.org/content-type/-/content-type-1.0.5.tgz 0ms (cache hit)
436 http cache content-disposition@https://registry.npmjs.org/content-disposition/-/content-disposition-1.0.0.tgz 0ms (cache hit)
437 http cache body-parser@https://registry.npmjs.org/body-parser/-/body-parser-2.2.0.tgz 0ms (cache hit)
438 http cache accepts@https://registry.npmjs.org/accepts/-/accepts-2.0.0.tgz 0ms (cache hit)
439 http cache express@https://registry.npmjs.org/express/-/express-5.1.0.tgz 0ms (cache hit)
440 http cache statuses@https://registry.npmjs.org/statuses/-/statuses-2.0.1.tgz 0ms (cache hit)
441 silly tarball no local data for has-symbols@https://registry.npmjs.org/has-symbols/-/has-symbols-1.1.0.tgz. Extracting by manifest.
442 silly tarball no local data for media-typer@https://registry.npmjs.org/media-typer/-/media-typer-1.1.0.tgz. Extracting by manifest.
443 silly tarball no local data for math-intrinsics@https://registry.npmjs.org/math-intrinsics/-/math-intrinsics-1.1.0.tgz. Extracting by manifest.
444 silly tarball no local data for dunder-proto@https://registry.npmjs.org/dunder-proto/-/dunder-proto-1.0.1.tgz. Extracting by manifest.
445 silly tarball no local data for gopd@https://registry.npmjs.org/gopd/-/gopd-1.2.0.tgz. Extracting by manifest.
446 silly tarball no local data for get-proto@https://registry.npmjs.org/get-proto/-/get-proto-1.0.1.tgz. Extracting by manifest.
447 silly tarball no local data for es-object-atoms@https://registry.npmjs.org/es-object-atoms/-/es-object-atoms-1.1.1.tgz. Extracting by manifest.
448 silly tarball no local data for es-define-property@https://registry.npmjs.org/es-define-property/-/es-define-property-1.0.1.tgz. Extracting by manifest.
449 silly tarball no local data for call-bind-apply-helpers@https://registry.npmjs.org/call-bind-apply-helpers/-/call-bind-apply-helpers-1.0.2.tgz. Extracting by manifest.
450 silly tarball no local data for get-intrinsic@https://registry.npmjs.org/get-intrinsic/-/get-intrinsic-1.3.0.tgz. Extracting by manifest.
451 silly tarball no local data for call-bound@https://registry.npmjs.org/call-bound/-/call-bound-1.0.4.tgz. Extracting by manifest.
452 silly tarball no local data for side-channel-map@https://registry.npmjs.org/side-channel-map/-/side-channel-map-1.0.1.tgz. Extracting by manifest.
453 silly tarball no local data for side-channel-weakmap@https://registry.npmjs.org/side-channel-weakmap/-/side-channel-weakmap-1.0.2.tgz. Extracting by manifest.
454 silly tarball no local data for side-channel-list@https://registry.npmjs.org/side-channel-list/-/side-channel-list-1.0.0.tgz. Extracting by manifest.
455 silly tarball no local data for path-to-regexp@https://registry.npmjs.org/path-to-regexp/-/path-to-regexp-8.2.0.tgz. Extracting by manifest.
456 silly tarball no local data for es-errors@https://registry.npmjs.org/es-errors/-/es-errors-1.3.0.tgz. Extracting by manifest.
457 silly tarball no local data for is-promise@https://registry.npmjs.org/is-promise/-/is-promise-4.0.0.tgz. Extracting by manifest.
458 silly tarball no local data for object-inspect@https://registry.npmjs.org/object-inspect/-/object-inspect-1.13.4.tgz. Extracting by manifest.
459 silly tarball no local data for side-channel@https://registry.npmjs.org/side-channel/-/side-channel-1.1.0.tgz. Extracting by manifest.
460 silly tarball no local data for unpipe@https://registry.npmjs.org/unpipe/-/unpipe-1.0.0.tgz. Extracting by manifest.
461 silly tarball no local data for ipaddr.js@https://registry.npmjs.org/ipaddr.js/-/ipaddr.js-1.9.1.tgz. Extracting by manifest.
462 silly tarball no local data for forwarded@https://registry.npmjs.org/forwarded/-/forwarded-0.2.0.tgz. Extracting by manifest.
463 silly tarball no local data for wrappy@https://registry.npmjs.org/wrappy/-/wrappy-1.0.2.tgz. Extracting by manifest.
464 silly tarball no local data for mime-db@https://registry.npmjs.org/mime-db/-/mime-db-1.54.0.tgz. Extracting by manifest.
465 silly tarball no local data for safer-buffer@https://registry.npmjs.org/safer-buffer/-/safer-buffer-2.1.2.tgz. Extracting by manifest.
466 silly tarball no local data for ee-first@https://registry.npmjs.org/ee-first/-/ee-first-1.1.1.tgz. Extracting by manifest.
467 silly tarball no local data for setprototypeof@https://registry.npmjs.org/setprototypeof/-/setprototypeof-1.2.0.tgz. Extracting by manifest.
468 silly tarball no local data for toidentifier@https://registry.npmjs.org/toidentifier/-/toidentifier-1.0.1.tgz. Extracting by manifest.
469 silly tarball no local data for inherits@https://registry.npmjs.org/inherits/-/inherits-2.0.4.tgz. Extracting by manifest.
470 silly tarball no local data for ms@https://registry.npmjs.org/ms/-/ms-2.1.3.tgz. Extracting by manifest.
471 silly tarball no local data for depd@https://registry.npmjs.org/depd/-/depd-2.0.0.tgz. Extracting by manifest.
472 silly tarball no local data for bytes@https://registry.npmjs.org/bytes/-/bytes-3.1.2.tgz. Extracting by manifest.
473 silly tarball no local data for raw-body@https://registry.npmjs.org/raw-body/-/raw-body-3.0.0.tgz. Extracting by manifest.
474 silly tarball no local data for iconv-lite@https://registry.npmjs.org/iconv-lite/-/iconv-lite-0.6.3.tgz. Extracting by manifest.
475 silly tarball no local data for negotiator@https://registry.npmjs.org/negotiator/-/negotiator-1.0.0.tgz. Extracting by manifest.
476 silly tarball no local data for vary@https://registry.npmjs.org/vary/-/vary-1.1.2.tgz. Extracting by manifest.
477 silly tarball no local data for statuses@https://registry.npmjs.org/statuses/-/statuses-2.0.2.tgz. Extracting by manifest.
478 silly tarball no local data for type-is@https://registry.npmjs.org/type-is/-/type-is-2.0.1.tgz. Extracting by manifest.
479 silly tarball no local data for send@https://registry.npmjs.org/send/-/send-1.2.0.tgz. Extracting by manifest.
480 silly tarball no local data for serve-static@https://registry.npmjs.org/serve-static/-/serve-static-2.2.0.tgz. Extracting by manifest.
481 silly tarball no local data for router@https://registry.npmjs.org/router/-/router-2.2.0.tgz. Extracting by manifest.
482 silly tarball no local data for range-parser@https://registry.npmjs.org/range-parser/-/range-parser-1.2.1.tgz. Extracting by manifest.
483 silly tarball no local data for qs@https://registry.npmjs.org/qs/-/qs-6.14.0.tgz. Extracting by manifest.
484 silly tarball no local data for parseurl@https://registry.npmjs.org/parseurl/-/parseurl-1.3.3.tgz. Extracting by manifest.
485 silly tarball no local data for proxy-addr@https://registry.npmjs.org/proxy-addr/-/proxy-addr-2.0.7.tgz. Extracting by manifest.
486 silly tarball no local data for once@https://registry.npmjs.org/once/-/once-1.4.0.tgz. Extracting by manifest.
487 silly tarball no local data for on-finished@https://registry.npmjs.org/on-finished/-/on-finished-2.4.1.tgz. Extracting by manifest.
488 silly tarball no local data for merge-descriptors@https://registry.npmjs.org/merge-descriptors/-/merge-descriptors-2.0.0.tgz. Extracting by manifest.
489 silly tarball no local data for mime-types@https://registry.npmjs.org/mime-types/-/mime-types-3.0.1.tgz. Extracting by manifest.
490 silly tarball no local data for http-errors@https://registry.npmjs.org/http-errors/-/http-errors-2.0.0.tgz. Extracting by manifest.
491 silly tarball no local data for fresh@https://registry.npmjs.org/fresh/-/fresh-2.0.0.tgz. Extracting by manifest.
492 silly tarball no local data for finalhandler@https://registry.npmjs.org/finalhandler/-/finalhandler-2.1.0.tgz. Extracting by manifest.
493 silly tarball no local data for encodeurl@https://registry.npmjs.org/encodeurl/-/encodeurl-2.0.0.tgz. Extracting by manifest.
494 silly tarball no local data for etag@https://registry.npmjs.org/etag/-/etag-1.8.1.tgz. Extracting by manifest.
495 silly tarball no local data for escape-html@https://registry.npmjs.org/escape-html/-/escape-html-1.0.3.tgz. Extracting by manifest.
496 silly tarball no local data for cookie@https://registry.npmjs.org/cookie/-/cookie-0.7.2.tgz. Extracting by manifest.
497 silly tarball no local data for debug@https://registry.npmjs.org/debug/-/debug-4.4.1.tgz. Extracting by manifest.
498 silly tarball no local data for cookie-signature@https://registry.npmjs.org/cookie-signature/-/cookie-signature-1.2.2.tgz. Extracting by manifest.
499 silly tarball no local data for content-type@https://registry.npmjs.org/content-type/-/content-type-1.0.5.tgz. Extracting by manifest.
500 silly tarball no local data for content-disposition@https://registry.npmjs.org/content-disposition/-/content-disposition-1.0.0.tgz. Extracting by manifest.
501 silly tarball no local data for body-parser@https://registry.npmjs.org/body-parser/-/body-parser-2.2.0.tgz. Extracting by manifest.
502 silly tarball no local data for accepts@https://registry.npmjs.org/accepts/-/accepts-2.0.0.tgz. Extracting by manifest.
503 silly tarball no local data for statuses@https://registry.npmjs.org/statuses/-/statuses-2.0.1.tgz. Extracting by manifest.
504 silly tarball no local data for express@https://registry.npmjs.org/express/-/express-5.1.0.tgz. Extracting by manifest.
505 http fetch POST 200 https://registry.npmjs.org/-/npm/v1/security/advisories/bulk 603ms
506 silly audit report {}
507 http fetch GET 200 https://registry.npmjs.org/media-typer/-/media-typer-1.1.0.tgz 889ms (cache miss)
508 http fetch GET 200 https://registry.npmjs.org/dunder-proto/-/dunder-proto-1.0.1.tgz 886ms (cache miss)
509 http fetch GET 200 https://registry.npmjs.org/math-intrinsics/-/math-intrinsics-1.1.0.tgz 890ms (cache miss)
510 http fetch GET 200 https://registry.npmjs.org/gopd/-/gopd-1.2.0.tgz 889ms (cache miss)
511 http fetch GET 200 https://registry.npmjs.org/es-errors/-/es-errors-1.3.0.tgz 996ms (cache miss)
512 http fetch GET 200 https://registry.npmjs.org/unpipe/-/unpipe-1.0.0.tgz 990ms (cache miss)
513 http fetch GET 200 https://registry.npmjs.org/is-promise/-/is-promise-4.0.0.tgz 1019ms (cache miss)
514 http fetch GET 200 https://registry.npmjs.org/get-proto/-/get-proto-1.0.1.tgz 1040ms (cache miss)
515 http fetch GET 200 https://registry.npmjs.org/side-channel/-/side-channel-1.1.0.tgz 1018ms (cache miss)
516 http fetch GET 200 https://registry.npmjs.org/ipaddr.js/-/ipaddr.js-1.9.1.tgz 1065ms (cache miss)
517 http fetch GET 200 https://registry.npmjs.org/forwarded/-/forwarded-0.2.0.tgz 1065ms (cache miss)
518 http fetch GET 200 https://registry.npmjs.org/ee-first/-/ee-first-1.1.1.tgz 1156ms (cache miss)
519 http fetch GET 200 https://registry.npmjs.org/safer-buffer/-/safer-buffer-2.1.2.tgz 1159ms (cache miss)
520 http fetch GET 200 https://registry.npmjs.org/wrappy/-/wrappy-1.0.2.tgz 1167ms (cache miss)
521 http fetch GET 200 https://registry.npmjs.org/has-symbols/-/has-symbols-1.1.0.tgz 1236ms (cache miss)
522 http fetch GET 200 https://registry.npmjs.org/path-to-regexp/-/path-to-regexp-8.2.0.tgz 1234ms (cache miss)
523 http fetch GET 200 https://registry.npmjs.org/es-define-property/-/es-define-property-1.0.1.tgz 1272ms (cache miss)
524 http fetch GET 200 https://registry.npmjs.org/mime-db/-/mime-db-1.54.0.tgz 1327ms (cache miss)
525 http fetch GET 200 https://registry.npmjs.org/setprototypeof/-/setprototypeof-1.2.0.tgz 1324ms (cache miss)
526 http fetch GET 200 https://registry.npmjs.org/toidentifier/-/toidentifier-1.0.1.tgz 1323ms (cache miss)
527 http fetch GET 200 https://registry.npmjs.org/ms/-/ms-2.1.3.tgz 1325ms (cache miss)
528 http fetch GET 200 https://registry.npmjs.org/bytes/-/bytes-3.1.2.tgz 1365ms (cache miss)
529 http fetch GET 200 https://registry.npmjs.org/raw-body/-/raw-body-3.0.0.tgz 1365ms (cache miss)
530 http fetch GET 200 https://registry.npmjs.org/statuses/-/statuses-2.0.2.tgz 1422ms (cache miss)
531 http fetch GET 200 https://registry.npmjs.org/inherits/-/inherits-2.0.4.tgz 1456ms (cache miss)
532 http fetch GET 200 https://registry.npmjs.org/vary/-/vary-1.1.2.tgz 1444ms (cache miss)
533 http fetch GET 200 https://registry.npmjs.org/proxy-addr/-/proxy-addr-2.0.7.tgz 1433ms (cache miss)
534 http fetch GET 200 https://registry.npmjs.org/http-errors/-/http-errors-2.0.0.tgz 1425ms (cache miss)
535 http fetch GET 200 https://registry.npmjs.org/side-channel-map/-/side-channel-map-1.0.1.tgz 1504ms (cache miss)
536 http fetch GET 200 https://registry.npmjs.org/depd/-/depd-2.0.0.tgz 1482ms (cache miss)
537 http fetch GET 200 https://registry.npmjs.org/once/-/once-1.4.0.tgz 1461ms (cache miss)
538 http fetch GET 200 https://registry.npmjs.org/merge-descriptors/-/merge-descriptors-2.0.0.tgz 1459ms (cache miss)
539 http fetch GET 200 https://registry.npmjs.org/es-object-atoms/-/es-object-atoms-1.1.1.tgz 1542ms (cache miss)
540 http fetch GET 200 https://registry.npmjs.org/side-channel-weakmap/-/side-channel-weakmap-1.0.2.tgz 1532ms (cache miss)
541 http fetch GET 200 https://registry.npmjs.org/parseurl/-/parseurl-1.3.3.tgz 1481ms (cache miss)
542 http fetch GET 200 https://registry.npmjs.org/fresh/-/fresh-2.0.0.tgz 1470ms (cache miss)
543 http fetch GET 200 https://registry.npmjs.org/cookie/-/cookie-0.7.2.tgz 1463ms (cache miss)
544 http fetch GET 200 https://registry.npmjs.org/content-disposition/-/content-disposition-1.0.0.tgz 1458ms (cache miss)
545 http fetch GET 200 https://registry.npmjs.org/body-parser/-/body-parser-2.2.0.tgz 1457ms (cache miss)
546 http fetch GET 200 https://registry.npmjs.org/range-parser/-/range-parser-1.2.1.tgz 1497ms (cache miss)
547 http fetch GET 200 https://registry.npmjs.org/type-is/-/type-is-2.0.1.tgz 1505ms (cache miss)
548 http fetch GET 200 https://registry.npmjs.org/escape-html/-/escape-html-1.0.3.tgz 1477ms (cache miss)
549 http fetch GET 200 https://registry.npmjs.org/cookie-signature/-/cookie-signature-1.2.2.tgz 1479ms (cache miss)
550 http fetch GET 200 https://registry.npmjs.org/on-finished/-/on-finished-2.4.1.tgz 1505ms (cache miss)
551 http fetch GET 200 https://registry.npmjs.org/encodeurl/-/encodeurl-2.0.0.tgz 1494ms (cache miss)
552 http fetch GET 200 https://registry.npmjs.org/finalhandler/-/finalhandler-2.1.0.tgz 1497ms (cache miss)
553 http fetch GET 200 https://registry.npmjs.org/etag/-/etag-1.8.1.tgz 1496ms (cache miss)
554 http fetch GET 200 https://registry.npmjs.org/content-type/-/content-type-1.0.5.tgz 1489ms (cache miss)
555 http fetch GET 200 https://registry.npmjs.org/side-channel-list/-/side-channel-list-1.0.0.tgz 1575ms (cache miss)
556 http fetch GET 200 https://registry.npmjs.org/accepts/-/accepts-2.0.0.tgz 1491ms (cache miss)
557 http fetch GET 200 https://registry.npmjs.org/statuses/-/statuses-2.0.1.tgz 1491ms (cache miss)
558 http fetch GET 200 https://registry.npmjs.org/serve-static/-/serve-static-2.2.0.tgz 1534ms (cache miss)
559 http fetch GET 200 https://registry.npmjs.org/negotiator/-/negotiator-1.0.0.tgz 1547ms (cache miss)
560 http fetch GET 200 https://registry.npmjs.org/mime-types/-/mime-types-3.0.1.tgz 1524ms (cache miss)
561 http fetch GET 200 https://registry.npmjs.org/call-bound/-/call-bound-1.0.4.tgz 1595ms (cache miss)
562 http fetch GET 200 https://registry.npmjs.org/call-bind-apply-helpers/-/call-bind-apply-helpers-1.0.2.tgz 1605ms (cache miss)
563 http fetch GET 200 https://registry.npmjs.org/send/-/send-1.2.0.tgz 1554ms (cache miss)
564 http fetch GET 200 https://registry.npmjs.org/get-intrinsic/-/get-intrinsic-1.3.0.tgz 1615ms (cache miss)
565 http fetch GET 200 https://registry.npmjs.org/express/-/express-5.1.0.tgz 1521ms (cache miss)
566 http fetch GET 200 https://registry.npmjs.org/router/-/router-2.2.0.tgz 1561ms (cache miss)
567 http fetch GET 200 https://registry.npmjs.org/object-inspect/-/object-inspect-1.13.4.tgz 1607ms (cache miss)
568 http fetch GET 200 https://registry.npmjs.org/debug/-/debug-4.4.1.tgz 1541ms (cache miss)
569 http fetch GET 200 https://registry.npmjs.org/qs/-/qs-6.14.0.tgz 1576ms (cache miss)
570 http fetch GET 200 https://registry.npmjs.org/iconv-lite/-/iconv-lite-0.6.3.tgz 1615ms (cache miss)
571 silly ADD node_modules/media-typer
572 silly ADD node_modules/dunder-proto
573 silly ADD node_modules/math-intrinsics
574 silly ADD node_modules/hasown
575 silly ADD node_modules/has-symbols
576 silly ADD node_modules/gopd
577 silly ADD node_modules/get-proto
578 silly ADD node_modules/es-object-atoms
579 silly ADD node_modules/es-define-property
580 silly ADD node_modules/function-bind
581 silly ADD node_modules/call-bind-apply-helpers
582 silly ADD node_modules/get-intrinsic
583 silly ADD node_modules/call-bound
584 silly ADD node_modules/side-channel-weakmap
585 silly ADD node_modules/side-channel-map
586 silly ADD node_modules/side-channel-list
587 silly ADD node_modules/object-inspect
588 silly ADD node_modules/es-errors
589 silly ADD node_modules/path-to-regexp
590 silly ADD node_modules/is-promise
591 silly ADD node_modules/unpipe
592 silly ADD node_modules/side-channel
593 silly ADD node_modules/ipaddr.js
594 silly ADD node_modules/forwarded
595 silly ADD node_modules/wrappy
596 silly ADD node_modules/ee-first
597 silly ADD node_modules/mime-db
598 silly ADD node_modules/safer-buffer
599 silly ADD node_modules/toidentifier
600 silly ADD node_modules/setprototypeof
601 silly ADD node_modules/inherits
602 silly ADD node_modules/depd
603 silly ADD node_modules/ms
604 silly ADD node_modules/safe-buffer
605 silly ADD node_modules/raw-body
606 silly ADD node_modules/iconv-lite
607 silly ADD node_modules/bytes
608 silly ADD node_modules/negotiator
609 silly ADD node_modules/vary
610 silly ADD node_modules/type-is
611 silly ADD node_modules/statuses
612 silly ADD node_modules/serve-static
613 silly ADD node_modules/send
614 silly ADD node_modules/router
615 silly ADD node_modules/range-parser
616 silly ADD node_modules/qs
617 silly ADD node_modules/proxy-addr
618 silly ADD node_modules/parseurl
619 silly ADD node_modules/once
620 silly ADD node_modules/on-finished
621 silly ADD node_modules/mime-types
622 silly ADD node_modules/merge-descriptors
623 silly ADD node_modules/http-errors
624 silly ADD node_modules/http-errors/node_modules/statuses
625 silly ADD node_modules/fresh
626 silly ADD node_modules/finalhandler
627 silly ADD node_modules/etag
628 silly ADD node_modules/escape-html
629 silly ADD node_modules/encodeurl
630 silly ADD node_modules/debug
631 silly ADD node_modules/cookie-signature
632 silly ADD node_modules/cookie
633 silly ADD node_modules/content-type
634 silly ADD node_modules/content-disposition
635 silly ADD node_modules/body-parser
636 silly ADD node_modules/accepts
637 silly ADD node_modules/express
638 verbose cwd /data/data/com.termux/files/home
639 verbose os Linux 5.4.254-android12-9-660873-gb555c87043d9-ab603
640 verbose node v24.2.0
641 verbose npm  v11.3.0
642 verbose exit 0
643 info ok
